#
# There is insufficient memory for the Java Runtime Environment to continue.
# Native memory allocation (malloc) failed to allocate 1048576 bytes for AllocateHeap
# Possible reasons:
#   The system is out of physical RAM or swap space
#   In 32 bit mode, the process size limit was hit
# Possible solutions:
#   Reduce memory load on the system
#   Increase physical memory or swap space
#   Check if swap backing store is full
#   Use 64 bit Java on a 64 bit OS
#   Decrease Java heap size (-Xmx/-Xms)
#   Decrease number of Java threads
#   Decrease Java thread stack sizes (-Xss)
#   Set larger code cache with -XX:ReservedCodeCacheSize=
# This output file may be truncated or incomplete.
#
#  Out of Memory Error (memory/allocation.inline.hpp:61), pid=13972, tid=0x000000000000306c
#
# JRE version:  (8.0_131-b11) (build )
# Java VM: Java HotSpot(TM) 64-Bit Server VM (25.131-b11 mixed mode windows-amd64 compressed oops)
# Failed to write core dump. Minidumps are not enabled by default on client versions of Windows
#

---------------  T H R E A D  ---------------

Current thread (0x00000000028e0800):  JavaThread "Unknown thread" [_thread_in_vm, id=12396, stack(0x00000000027e0000,0x00000000028e0000)]

Stack: [0x00000000027e0000,0x00000000028e0000]
[error occurred during error reporting (printing stack bounds), id 0xc0000005]

Native frames: (J=compiled Java code, j=interpreted, Vv=VM code, C=native code)


---------------  P R O C E S S  ---------------

Java Threads: ( => current thread )

Other Threads:

=>0x00000000028e0800 (exited) JavaThread "Unknown thread" [_thread_in_vm, id=12396, stack(0x00000000027e0000,0x00000000028e0000)]

VM state:not at safepoint (normal execution)

VM Mutex/Monitor currently owned by a thread: None

Heap:
 PSYoungGen      total 38400K, used 665K [0x00000000d5f00000, 0x00000000d8980000, 0x0000000100000000)
  eden space 33280K, 2% used [0x00000000d5f00000,0x00000000d5fa6670,0x00000000d7f80000)
  from space 5120K, 0% used [0x00000000d8480000,0x00000000d8480000,0x00000000d8980000)
  to   space 5120K, 0% used [0x00000000d7f80000,0x00000000d7f80000,0x00000000d8480000)
 ParOldGen       total 87552K, used 0K [0x0000000081c00000, 0x0000000087180000, 0x00000000d5f00000)
  object space 87552K, 0% used [0x0000000081c00000,0x0000000081c00000,0x0000000087180000)
 Metaspace       used 746K, capacity 4480K, committed 4480K, reserved 1056768K
  class space    used 75K, capacity 384K, committed 384K, reserved 1048576K

Card table byte_map: [0x0000000011da0000,0x00000000121a0000] byte_map_base: 0x0000000011992000

Marking Bits: (ParMarkBitMap*) 0x00000000690dc720
 Begin Bits: [0x0000000012850000, 0x00000000147e0000)
 End Bits:   [0x00000000147e0000, 0x0000000016770000)

Polling page: 0x0000000002790000

CodeCache: size=245760Kb used=328Kb max_used=328Kb free=245431Kb
 bounds [0x00000000029e0000, 0x0000000002c50000, 0x00000000119e0000]
 total_blobs=58 nmethods=0 adapters=38
 compilation: enabled

Compilation events (0 events):
No events

GC Heap History (0 events):
No events

Deoptimization events (0 events):
No events

Internal exceptions (0 events):
No events

Events (10 events):
Event: 0.031 loading class java/lang/Short
Event: 0.031 loading class java/lang/Short done
Event: 0.031 loading class java/lang/Integer
Event: 0.032 loading class java/lang/Integer done
Event: 0.032 loading class java/lang/Long
Event: 0.032 loading class java/lang/Long done
Event: 0.032 loading class java/lang/NullPointerException
Event: 0.032 loading class java/lang/NullPointerException done
Event: 0.032 loading class java/lang/ArithmeticException
Event: 0.032 loading class java/lang/ArithmeticException done


Dynamic libraries:
0x00007ff790480000 - 0x00007ff7904b7000 	C:\Program Files\Java\jre1.8.0_131\bin\javaw.exe
0x00007ffbfa650000 - 0x00007ffbfa821000 	C:\WINDOWS\SYSTEM32\ntdll.dll
0x00007ffbf87c0000 - 0x00007ffbf886b000 	C:\WINDOWS\System32\KERNEL32.DLL
0x00007ffbf7270000 - 0x00007ffbf748d000 	C:\WINDOWS\System32\KERNELBASE.dll
0x00007ffbf83c0000 - 0x00007ffbf8462000 	C:\WINDOWS\System32\ADVAPI32.dll
0x00007ffbf8870000 - 0x00007ffbf890e000 	C:\WINDOWS\System32\msvcrt.dll
0x00007ffbfa010000 - 0x00007ffbfa069000 	C:\WINDOWS\System32\sechost.dll
0x00007ffbf8490000 - 0x00007ffbf85b1000 	C:\WINDOWS\System32\RPCRT4.dll
0x00007ffbf7a20000 - 0x00007ffbf7b85000 	C:\WINDOWS\System32\USER32.dll
0x00007ffbf7490000 - 0x00007ffbf74ae000 	C:\WINDOWS\System32\win32u.dll
0x00007ffbf9fd0000 - 0x00007ffbfa004000 	C:\WINDOWS\System32\GDI32.dll
0x00007ffbf7600000 - 0x00007ffbf7782000 	C:\WINDOWS\System32\gdi32full.dll
0x00007ffbec110000 - 0x00007ffbec38a000 	C:\WINDOWS\WinSxS\amd64_microsoft.windows.common-controls_6595b64144ccf1df_6.0.14393.953_none_42151e83c686086b\COMCTL32.dll
0x00007ffbfa0e0000 - 0x00007ffbfa3a8000 	C:\WINDOWS\System32\combase.dll
0x00007ffbf7050000 - 0x00007ffbf7145000 	C:\WINDOWS\System32\ucrtbase.dll
0x00007ffbf7150000 - 0x00007ffbf71ba000 	C:\WINDOWS\System32\bcryptPrimitives.dll
0x00007ffbf8790000 - 0x00007ffbf87be000 	C:\WINDOWS\System32\IMM32.DLL
0x00000000697f0000 - 0x00000000698c2000 	C:\Program Files\Java\jre1.8.0_131\bin\msvcr100.dll
0x00000000688c0000 - 0x000000006915c000 	C:\Program Files\Java\jre1.8.0_131\bin\server\jvm.dll
0x00007ffbf68f0000 - 0x00007ffbf6913000 	C:\WINDOWS\System32\WINMM.dll
0x00007ffbf6880000 - 0x00007ffbf68ab000 	C:\WINDOWS\System32\WINMMBASE.dll
0x00007ffbf7220000 - 0x00007ffbf7262000 	C:\WINDOWS\System32\cfgmgr32.dll
0x00007ffbf7bf0000 - 0x00007ffbf7bf8000 	C:\WINDOWS\System32\PSAPI.DLL
0x00007ffbe6e20000 - 0x00007ffbe6e29000 	C:\WINDOWS\SYSTEM32\WSOCK32.dll
0x00007ffbf8720000 - 0x00007ffbf878a000 	C:\WINDOWS\System32\WS2_32.dll
0x00007ffbf6030000 - 0x00007ffbf603a000 	C:\WINDOWS\SYSTEM32\VERSION.dll
0x00000000699a0000 - 0x00000000699af000 	C:\Program Files\Java\jre1.8.0_131\bin\verify.dll
0x0000000069970000 - 0x0000000069999000 	C:\Program Files\Java\jre1.8.0_131\bin\java.dll
0x0000000069950000 - 0x0000000069966000 	C:\Program Files\Java\jre1.8.0_131\bin\zip.dll

VM Arguments:
jvm_args: -Dfile.encoding=UTF-8 
java_command: model.ArizonaHoldEm
java_class_path (initial): C:\Users\Liu\Documents\335repos\pokerhand-tzuhsienliu\bin;C:\eclipse\plugins\org.junit_4.12.0.v201504281640\junit.jar;C:\eclipse\plugins\org.hamcrest.core_1.3.0.v201303031735.jar
Launcher Type: SUN_STANDARD

Environment Variables:
PATH=C:/Program Files/Java/jre1.8.0_131/bin/server;C:/Program Files/Java/jre1.8.0_131/bin;C:/Program Files/Java/jre1.8.0_131/lib/amd64;C:\ProgramData\Oracle\Java\javapath;C:\Program Files (x86)\Intel\iCLS Client\;C:\Program Files\Intel\iCLS Client\;C:\WINDOWS\system32;C:\WINDOWS;C:\WINDOWS\System32\Wbem;C:\WINDOWS\System32\WindowsPowerShell\v1.0\;C:\Program Files\Intel\Intel(R) Management Engine Components\DAL;C:\Program Files\Intel\Intel(R) Management Engine Components\IPT;C:\Program Files (x86)\Intel\Intel(R) Management Engine Components\DAL;C:\Program Files (x86)\Intel\Intel(R) Management Engine Components\IPT;C:\Program Files\Intel\WiFi\bin\;C:\Program Files\Common Files\Intel\WirelessCommon\;C:\Program Files (x86)\GtkSharp\2.12\bin;C:\Program Files\Git\cmd;C:\Users\Liu\AppData\Local\Programs\Python\Python36-32\Scripts\;C:\Users\Liu\AppData\Local\Programs\Python\Python36-32\;C:\Program Files\Intel\WiFi\bin\;C:\Program Files\Common Files\Intel\WirelessCommon\;C:\Users\Liu\AppData\Local\Microsoft\WindowsApps;;C:\eclipse;
USERNAME=Liu
OS=Windows_NT
PROCESSOR_IDENTIFIER=Intel64 Family 6 Model 69 Stepping 1, GenuineIntel



---------------  S Y S T E M  ---------------

OS: Windows 10.0 , 64 bit Build 14393 (10.0.14393.0)

CPU:total 4 (initial active 4) (2 cores per cpu, 2 threads per core) family 6 model 69 stepping 1, cmov, cx8, fxsr, mmx, sse, sse2, sse3, ssse3, sse4.1, sse4.2, popcnt, avx, avx2, aes, clmul, erms, lzcnt, ht, tsc, tscinvbit, bmi1, bmi2

Memory: 4k page, physical 8268960k(4877224k free), swap 12956832k(5752k free)

vm_info: Java HotSpot(TM) 64-Bit Server VM (25.131-b11) for windows-amd64 JRE (1.8.0_131-b11), built on Mar 15 2017 01:23:53 by "java_re" with MS VC++ 10.0 (VS2010)

time: Tue Jun 20 00:34:20 2017
elapsed time: 0 seconds (0d 0h 0m 0s)

